INFO:  latexindent.exe version 3.18, 2022-06-12, a script to indent .tex files
       latexindent.exe lives here: D:/texlive/2022/bin/win32/
       Tue Jul 30 21:46:30 2024
       Filename: d:\R\Teaching\2024 Summer R Workshop\Week 8\Docs\bayes_intro.tex
INFO:  Processing switches:
INFO:  Directory for backup files and indent.log:
       d:\R\Teaching\2024 Summer R Workshop\Week 8\Docs
INFO:  YAML settings read: defaultSettings.yaml
       Reading defaultSettings.yaml from D:/texlive/2022/bin/win32/defaultSettings.yaml
       Reading defaultSettings.yaml (2nd attempt) from D:/texlive/2022/bin/win32/../../texmf-dist/scripts/latexindent/defaultSettings.yaml
       and then, if necessary, D:/texlive/2022/bin/win32/LatexIndent/defaultSettings.yaml
INFO:  YAML settings read: indentconfig.yaml or .indentconfig.yaml
       Home directory is C:\Users\socim (didn't find either indentconfig.yaml or .indentconfig.yaml)
       To specify user settings you would put indentconfig.yaml here: C:\Users\socim/indentconfig.yaml
       Alternatively, you can use the hidden file .indentconfig.yaml as: C:\Users\socim/.indentconfig.yaml
INFO:  Phase 1: searching for objects
INFO:  Phase 2: finding surrounding indentation
INFO:  Phase 3: indenting objects
INFO:  Phase 4: final indentation check
INFO:  Output routine:
       Not outputting to file; see -w and -o switches for more options.
       --------------
INFO:  Please direct all communication/issues to:
        https://github.com/cmhughes/latexindent.pl
